[INFO] Scanning for projects...
[INFO] 
[INFO] -------------------< com.ecowatch:ecowatch-backend >--------------------
[INFO] Building ecowatch-backend 0.0.1-SNAPSHOT
[INFO]   from pom.xml
[INFO] --------------------------------[ jar ]---------------------------------
[INFO] 
[INFO] >>> spring-boot:3.2.3:run (default-cli) > test-compile @ ecowatch-backend >>>
[INFO] 
[INFO] --- resources:3.3.1:resources (default-resources) @ ecowatch-backend ---
[INFO] Copying 1 resource from src\main\resources to target\classes
[INFO] Copying 0 resource from src\main\resources to target\classes
[INFO] 
[INFO] --- compiler:3.11.0:compile (default-compile) @ ecowatch-backend ---
[INFO] Nothing to compile - all classes are up to date
[INFO] 
[INFO] --- resources:3.3.1:testResources (default-testResources) @ ecowatch-backend ---
[INFO] skip non existing resourceDirectory C:\sesha\Eco_watch\src\test\resources
[INFO] 
[INFO] --- compiler:3.11.0:testCompile (default-testCompile) @ ecowatch-backend ---
[INFO] No sources to compile
[INFO] 
[INFO] <<< spring-boot:3.2.3:run (default-cli) < test-compile @ ecowatch-backend <<<
[INFO] 
[INFO] 
[INFO] --- spring-boot:3.2.3:run (default-cli) @ ecowatch-backend ---
[INFO] Attaching agents: []

  .   ____          _            __ _ _
 /\\ / ___'_ __ _ _(_)_ __  __ _ \ \ \ \
( ( )\___ | '_ | '_| | '_ \/ _` | \ \ \ \
 \\/  ___)| |_)| | | | | || (_| |  ) ) ) )
  '  |____| .__|_| |_|_| |_\__, | / / / /
 =========|_|==============|___/=/_/_/_/
 :: Spring Boot ::                (v3.2.3)

2026-03-13T21:19:29.892+05:30  INFO 10660 --- [ecowatch-backend] [           main] com.ecowatch.EcoWatchApplication         : Starting EcoWatchApplication using Java 17.0.12 with PID 10660 (C:\sesha\Eco_watch\target\classes started by sesha in C:\sesha\Eco_watch)
2026-03-13T21:19:29.898+05:30  INFO 10660 --- [ecowatch-backend] [           main] com.ecowatch.EcoWatchApplication         : No active profile set, falling back to 1 default profile: "default"
2026-03-13T21:19:30.473+05:30  INFO 10660 --- [ecowatch-backend] [           main] .s.d.r.c.RepositoryConfigurationDelegate : Bootstrapping Spring Data JPA repositories in DEFAULT mode.
2026-03-13T21:19:30.498+05:30  INFO 10660 --- [ecowatch-backend] [           main] .s.d.r.c.RepositoryConfigurationDelegate : Finished Spring Data repository scanning in 13 ms. Found 0 JPA repository interfaces.
2026-03-13T21:19:30.956+05:30  INFO 10660 --- [ecowatch-backend] [           main] o.s.b.w.embedded.tomcat.TomcatWebServer  : Tomcat initialized with port 8080 (http)
2026-03-13T21:19:30.977+05:30  INFO 10660 --- [ecowatch-backend] [           main] o.apache.catalina.core.StandardService   : Starting service [Tomcat]
2026-03-13T21:19:30.978+05:30  INFO 10660 --- [ecowatch-backend] [           main] o.apache.catalina.core.StandardEngine    : Starting Servlet engine: [Apache Tomcat/10.1.19]
2026-03-13T21:19:31.040+05:30  INFO 10660 --- [ecowatch-backend] [           main] o.a.c.c.C.[Tomcat].[localhost].[/]       : Initializing Spring embedded WebApplicationContext
2026-03-13T21:19:31.047+05:30  INFO 10660 --- [ecowatch-backend] [           main] w.s.c.ServletWebServerApplicationContext : Root WebApplicationContext: initialization completed in 1107 ms
2026-03-13T21:19:31.194+05:30  INFO 10660 --- [ecowatch-backend] [           main] o.hibernate.jpa.internal.util.LogHelper  : HHH000204: Processing PersistenceUnitInfo [name: default]
2026-03-13T21:19:31.244+05:30  INFO 10660 --- [ecowatch-backend] [           main] org.hibernate.Version                    : HHH000412: Hibernate ORM core version 6.4.4.Final
2026-03-13T21:19:31.265+05:30  INFO 10660 --- [ecowatch-backend] [           main] o.h.c.internal.RegionFactoryInitiator    : HHH000026: Second-level cache disabled
2026-03-13T21:19:31.486+05:30  INFO 10660 --- [ecowatch-backend] [           main] o.s.o.j.p.SpringPersistenceUnitInfo      : No LoadTimeWeaver setup: ignoring JPA class transformer
2026-03-13T21:19:31.517+05:30  INFO 10660 --- [ecowatch-backend] [           main] com.zaxxer.hikari.HikariDataSource       : HikariPool-1 - Starting...
2026-03-13T21:19:31.636+05:30  INFO 10660 --- [ecowatch-backend] [           main] com.zaxxer.hikari.pool.HikariPool        : HikariPool-1 - Added connection com.mysql.cj.jdbc.ConnectionImpl@1b17d8ab
2026-03-13T21:19:31.641+05:30  INFO 10660 --- [ecowatch-backend] [           main] com.zaxxer.hikari.HikariDataSource       : HikariPool-1 - Start completed.
2026-03-13T21:19:31.672+05:30  WARN 10660 --- [ecowatch-backend] [           main] org.hibernate.orm.deprecation            : HHH90000025: MySQL8Dialect does not need to be specified explicitly using 'hibernate.dialect' (remove the property setting and it will be selected by default)
2026-03-13T21:19:31.673+05:30  WARN 10660 --- [ecowatch-backend] [           main] org.hibernate.orm.deprecation            : HHH90000026: MySQL8Dialect has been deprecated; use org.hibernate.dialect.MySQLDialect instead
2026-03-13T21:19:32.057+05:30  INFO 10660 --- [ecowatch-backend] [           main] o.h.e.t.j.p.i.JtaPlatformInitiator       : HHH000489: No JTA platform available (set 'hibernate.transaction.jta.platform' to enable JTA platform integration)
2026-03-13T21:19:32.066+05:30  INFO 10660 --- [ecowatch-backend] [           main] j.LocalContainerEntityManagerFactoryBean : Initialized JPA EntityManagerFactory for persistence unit 'default'
2026-03-13T21:19:32.105+05:30  WARN 10660 --- [ecowatch-backend] [           main] JpaBaseConfiguration$JpaWebConfiguration : spring.jpa.open-in-view is enabled by default. Therefore, database queries may be performed during view rendering. Explicitly configure spring.jpa.open-in-view to disable this warning
2026-03-13T21:19:32.407+05:30  WARN 10660 --- [ecowatch-backend] [           main] .s.s.UserDetailsServiceAutoConfiguration : 

Using generated security password: bcf405cc-e0a0-4542-9b01-d7951a4c4650

This generated password is for development use only. Your security configuration must be updated before running your application in production.

2026-03-13T21:19:32.521+05:30  INFO 10660 --- [ecowatch-backend] [           main] o.s.s.web.DefaultSecurityFilterChain     : Will secure any request with [org.springframework.security.web.session.DisableEncodeUrlFilter@7dd7ec56, org.springframework.security.web.context.request.async.WebAsyncManagerIntegrationFilter@6528d339, org.springframework.security.web.context.SecurityContextHolderFilter@31dbf5bb, org.springframework.security.web.header.HeaderWriterFilter@36330be8, org.springframework.web.filter.CorsFilter@2dd2ff87, org.springframework.security.web.csrf.CsrfFilter@55fe9c2f, org.springframework.security.web.authentication.logout.LogoutFilter@3f6906f4, org.springframework.security.web.authentication.UsernamePasswordAuthenticationFilter@3bda1f0, org.springframework.security.web.authentication.ui.DefaultLoginPageGeneratingFilter@6fc28e5b, org.springframework.security.web.authentication.ui.DefaultLogoutPageGeneratingFilter@6a38e3d1, org.springframework.security.web.authentication.www.BasicAuthenticationFilter@625f5712, org.springframework.security.web.savedrequest.RequestCacheAwareFilter@73958426, org.springframework.security.web.servletapi.SecurityContextHolderAwareRequestFilter@23933031, org.springframework.security.web.authentication.AnonymousAuthenticationFilter@28cf179c, org.springframework.security.web.access.ExceptionTranslationFilter@217b0952, org.springframework.security.web.access.intercept.AuthorizationFilter@104bc677]
2026-03-13T21:19:32.597+05:30  INFO 10660 --- [ecowatch-backend] [           main] o.s.b.w.embedded.tomcat.TomcatWebServer  : Tomcat started on port 8080 (http) with context path ''
2026-03-13T21:19:32.608+05:30  INFO 10660 --- [ecowatch-backend] [           main] com.ecowatch.EcoWatchApplication         : Started EcoWatchApplication in 3.136 seconds (process running for 3.466)
2026-03-13T21:19:45.524+05:30  INFO 10660 --- [ecowatch-backend] [nio-8080-exec-1] o.a.c.c.C.[Tomcat].[localhost].[/]       : Initializing Spring DispatcherServlet 'dispatcherServlet'
2026-03-13T21:19:45.525+05:30  INFO 10660 --- [ecowatch-backend] [nio-8080-exec-1] o.s.web.servlet.DispatcherServlet        : Initializing Servlet 'dispatcherServlet'
2026-03-13T21:19:45.525+05:30  INFO 10660 --- [ecowatch-backend] [nio-8080-exec-1] o.s.web.servlet.DispatcherServlet        : Completed initialization in 0 ms
